2021-03-25 16:08:49 - Sync for product 45
2021-03-25 16:09:05 - Sync for product 45
2021-03-25 16:16:04 - Update products for availability change - 13
2021-03-25 16:19:23 - Update products for availability change - 17
2021-03-25 16:24:08 - Update products for availability change - 12
2021-03-25 16:32:39 - Update products for availability change - 12
2021-03-25 16:33:41 - Update products for availability change - 12
2021-03-25 16:35:28 - Sync for product 26
2021-03-25 16:36:27 - Sync for product 35
2021-03-25 16:38:19 - Sync for product 45
2021-03-25 16:38:50 - Sync for product 26
2021-03-25 16:38:50 - Sync for product 46
2021-03-25 16:39:13 - Sync for product 46
2021-03-25 16:39:23 - Sync for product 45
2021-03-25 16:42:40 - Sync for product 14
2021-03-25 16:43:07 - Sync for product 14
2021-03-25 16:44:37 - Sync for product 14
2021-03-25 16:44:55 - Sync for product 14
2021-03-25 16:44:57 - Sync for product 14
2021-03-25 16:45:06 - Sync for product 14
2021-03-25 16:45:13 - Sync for product 14
2021-03-25 16:45:23 - Sync for product 26
2021-03-25 16:45:32 - Sync for product 14
2021-03-25 16:45:44 - Sync for product 14
2021-03-25 16:45:54 - Sync for product 14
2021-03-25 16:46:05 - Sync for product 26
2021-03-25 16:46:10 - Sync for product 26
2021-03-25 16:46:56 - Update products for availability change - 12
2021-03-25 17:05:44 - Update products for availability change - 12
2021-03-26 10:44:02 - Update products for availability change - 12
2021-03-26 14:10:33 - Update products for availability change - 13
2021-03-26 14:56:33 - Update products for availability change - 12
2021-03-27 13:10:46 - Sync for product 47
2021-03-27 13:12:30 - Sync for product 47
2021-03-27 13:13:32 - Sync for product 47
2021-03-27 13:15:51 - Sync for product 47
2021-03-27 13:17:03 - Sync for product 47
2021-03-27 13:21:17 - Sync for product 48
2021-03-27 13:23:31 - Sync for product 39
2021-03-27 13:23:54 - Sync for product 39
2021-03-27 13:25:05 - Sync for product 48
2021-03-27 13:37:27 - Sync for product 48
2021-03-27 13:40:56 - Sync for product 47
2021-03-27 13:47:43 - Sync for product 47
2021-03-27 13:48:04 - Sync for product 48
2021-03-27 13:48:52 - Sync for product 47
2021-03-27 13:49:13 - Sync for product 48
2021-03-27 14:00:00 - Sync for product 49
2021-03-27 14:00:54 - Sync for product 49
2021-03-27 14:01:05 - Sync for product 49
2021-03-27 14:02:32 - Sync for product 49
2021-03-27 14:04:18 - Sync for product 50
2021-03-27 14:04:48 - Sync for product 49
2021-03-27 14:08:28 - Sync for product 50
2021-03-27 14:10:23 - Sync for product 49
2021-03-27 14:10:59 - Sync for product 50
2021-03-27 14:14:24 - Sync for product 51
2021-03-27 14:15:16 - Sync for product 50
2021-03-27 14:16:44 - Sync for product 49
2021-03-27 14:28:56 - Sync for product 52
2021-03-27 14:38:42 - Sync for product 53
2021-03-27 16:09:09 - Sync for product 14
2021-03-27 16:11:22 - Sync for product 19
2021-03-27 16:15:25 - Sync for product 19
2021-03-27 16:17:55 - Sync for product 12
2021-03-27 16:20:18 - Sync for product 22
2021-03-27 16:26:14 - Sync for product 22
2021-03-27 16:27:02 - Sync for product 22
2021-03-27 16:29:50 - Sync for product 13
2021-03-27 17:25:46 - Sync for product 54
2021-03-27 17:34:29 - Sync for product 55
2021-03-27 17:36:58 - Sync for product 56
2021-03-27 17:37:23 - Sync for product 54
2021-03-28 15:56:33 - Update products for availability change - 12,13
2021-03-29 11:04:39 - Update products for availability change - 13
2021-03-29 11:31:59 - Update products for availability change - 12
2021-03-30 0:25:46 - Update products for availability change - 12,21,27,29,30,31
2021-03-30 0:45:51 - Sync for product 34
2021-03-30 0:52:12 - Sync for product 34
2021-03-30 0:57:37 - Sync for product 34
2021-03-30 0:59:35 - Sync for product 13
2021-03-30 0:59:39 - Sync for product 40
2021-03-30 1:04:01 - Sync for product 16
2021-03-30 1:08:40 - Sync for product 29
2021-03-30 1:44:15 - Sync for product 25
2021-03-30 1:45:30 - Sync for product 13
2021-03-30 1:46:15 - Sync for product 42
2021-03-30 1:48:24 - Sync for product 17
2021-03-30 1:49:16 - Sync for product 46
2021-03-30 1:49:41 - Sync for product 45
2021-03-30 1:50:48 - Sync for product 44
2021-03-30 1:51:15 - Sync for product 43
2021-03-30 1:51:36 - Sync for product 28
2021-03-30 1:51:58 - Sync for product 31
2021-03-30 1:52:16 - Sync for product 30
2021-03-30 1:52:35 - Sync for product 27
2021-03-30 1:52:55 - Sync for product 20
2021-03-30 1:53:14 - Sync for product 39
2021-03-30 1:53:36 - Sync for product 37
2021-03-30 1:53:57 - Sync for product 15
2021-03-30 1:54:14 - Sync for product 32
2021-03-30 1:54:32 - Sync for product 24
2021-03-30 1:54:49 - Sync for product 41
2021-03-30 1:55:08 - Sync for product 38
2021-03-30 1:55:40 - Sync for product 36
2021-03-30 1:55:54 - Sync for product 18
2021-03-30 1:56:09 - Sync for product 33
2021-03-30 1:56:28 - Sync for product 23
2021-04-02 19:05:09 - Update products for availability change - 12,13,32,45
2021-04-02 20:14:25 - Sync for product 54
2021-04-02 20:14:45 - Sync for product 56
2021-04-02 20:15:09 - Sync for product 46
2021-04-02 20:15:36 - Sync for product 45
2021-04-02 20:16:01 - Sync for product 47
2021-04-02 20:16:21 - Sync for product 48
2021-04-02 20:18:23 - Sync for product 55
2021-04-08 19:51:39 - Update products for availability change - 14,18,20,24,27,33,52
2021-04-09 14:51:49 - Sync for product 52
2021-04-09 19:19:06 - Update products for availability change - 12,13,16,20,38
2021-04-10 3:06:30 - Update products for availability change - 13,38,53
2021-04-11 12:13:32 - Update products for availability change - 13,14,16,28,34,44,53
2021-04-12 13:11:02 - Update products for availability change - 36,39
2021-04-12 20:17:09 - Update products for availability change - 13
2021-04-19 16:04:49 - Update products for availability change - 18,24,32,34,38
2021-04-22 16:03:41 - Sync for product 53
2021-04-22 16:05:25 - Sync for product 53
2021-04-29 17:21:15 - Update products for availability change - 12,18,27,36,37,53
2021-04-30 11:16:47 - Update products for availability change - 12,35,40
2021-04-30 16:07:25 - Sync for product 44
2021-04-30 16:08:02 - Sync for product 43
2021-05-01 0:56:04 - Update products for availability change - 15,18,20,26,32
2021-05-01 18:04:38 - Update products for availability change - 12,13,23,24
2021-05-02 1:25:55 - Sync for product 26
2021-05-02 1:26:11 - Sync for product 35
2021-05-02 1:26:21 - Sync for product 14
2021-05-02 1:27:00 - Sync for product 19
2021-05-02 1:27:20 - Sync for product 12
2021-05-02 1:29:57 - Sync for product 22
2021-05-02 1:30:10 - Sync for product 13
2021-05-02 1:30:22 - Sync for product 34
2021-05-02 1:30:35 - Sync for product 40
2021-05-02 1:30:51 - Sync for product 16
2021-05-02 1:31:06 - Sync for product 52
2021-05-02 1:31:35 - Sync for product 29
2021-05-02 1:31:55 - Sync for product 25
2021-05-02 1:32:12 - Sync for product 42
2021-05-02 1:32:29 - Sync for product 50
2021-05-02 1:32:45 - Sync for product 17
2021-05-02 1:33:06 - Sync for product 51
2021-05-02 1:33:34 - Sync for product 54
2021-05-02 1:33:51 - Sync for product 56
2021-05-02 1:34:08 - Sync for product 46
2021-05-02 1:34:40 - Sync for product 45
2021-05-02 1:34:56 - Sync for product 55
2021-05-02 1:35:10 - Sync for product 44
2021-05-02 1:35:28 - Sync for product 43
2021-05-02 1:35:56 - Sync for product 28
2021-05-02 1:36:13 - Sync for product 31
2021-05-02 1:36:27 - Sync for product 30
2021-05-02 1:36:41 - Sync for product 27
2021-05-02 1:36:59 - Sync for product 47
2021-05-02 1:37:23 - Sync for product 48
2021-05-02 1:37:40 - Sync for product 21
2021-05-02 1:37:57 - Sync for product 20
2021-05-02 1:38:17 - Sync for product 39
2021-05-02 1:38:35 - Sync for product 37
2021-05-02 1:38:54 - Sync for product 15
2021-05-02 1:39:20 - Sync for product 32
2021-05-02 1:39:44 - Sync for product 24
2021-05-02 1:40:02 - Sync for product 41
2021-05-02 1:40:15 - Sync for product 38
2021-05-02 1:40:28 - Sync for product 53
2021-05-02 1:41:22 - Sync for product 36
2021-05-02 1:41:51 - Sync for product 18
2021-05-02 1:42:02 - Sync for product 33
2021-05-02 1:42:12 - Sync for product 49
2021-05-02 1:42:25 - Sync for product 23
2021-05-02 19:44:10 - Sync for product 26
2021-05-02 23:18:12 - Update products for availability change - 12,13,27,29,33,42
2021-05-04 19:09:05 - Sync for product 35
2021-05-04 19:10:04 - Sync for product 14
2021-05-04 19:10:17 - Sync for product 19
2021-05-04 19:10:31 - Sync for product 12
2021-05-04 19:10:59 - Sync for product 22
2021-05-04 19:11:15 - Sync for product 13
2021-05-04 19:11:39 - Sync for product 40
2021-05-04 19:11:51 - Sync for product 16
2021-05-04 19:35:10 - Sync for product 52
2021-05-04 19:35:24 - Sync for product 29
2021-05-04 19:35:46 - Sync for product 25
2021-05-04 19:36:05 - Sync for product 42
2021-05-04 19:36:45 - Sync for product 50
2021-05-04 19:37:11 - Sync for product 17
2021-05-04 19:37:27 - Sync for product 51
2021-05-04 19:38:04 - Sync for product 54
2021-05-04 19:38:49 - Sync for product 56
2021-05-04 19:39:03 - Sync for product 46
2021-05-04 19:39:49 - Sync for product 45
2021-05-04 19:39:59 - Sync for product 55
2021-05-04 19:40:11 - Sync for product 44
2021-05-04 19:40:21 - Sync for product 43
2021-05-04 19:40:30 - Sync for product 28
2021-05-04 19:40:38 - Sync for product 31
2021-05-04 19:40:49 - Sync for product 30
2021-05-04 19:41:02 - Sync for product 27
2021-05-04 19:41:30 - Sync for product 47
2021-05-04 19:41:45 - Sync for product 48
2021-05-04 19:41:57 - Sync for product 21
2021-05-04 19:42:17 - Sync for product 20
2021-05-04 19:42:39 - Sync for product 39
2021-05-04 19:42:56 - Sync for product 37
2021-05-04 19:43:13 - Sync for product 32
2021-05-04 19:43:27 - Sync for product 15
2021-05-04 19:43:53 - Sync for product 41
2021-05-04 19:44:04 - Sync for product 24
2021-05-04 19:44:23 - Sync for product 38
2021-05-04 19:44:33 - Sync for product 53
2021-05-04 19:44:46 - Sync for product 36
2021-05-04 19:44:55 - Sync for product 18
2021-05-04 19:45:04 - Sync for product 33
2021-05-04 19:45:13 - Sync for product 49
2021-05-04 19:45:22 - Sync for product 23
2021-05-05 20:53:15 - Update products for availability change - 12,13,27,31,34
2021-05-07 14:12:58 - Sync for product 34
2021-05-08 9:23:30 - Update products for availability change - 12,16,18,27,30,35
2021-05-08 14:00:10 - Update products for availability change - 20,21,47
2021-05-08 14:11:17 - Update products for availability change - 12,13,16,18,27,29,39
2021-05-08 14:36:15 - Update products for availability change - 12,13
2021-05-08 17:24:25 - Update products for availability change - 12
2021-05-09 1:45:38 - Update products for availability change - 12,13
2021-05-09 1:55:03 - Update products for availability change - 13
2021-05-09 19:51:58 - Update products for availability change - 15,22,35,36,42,53
2021-05-10 15:53:17 - Sync for product 57
2021-05-10 17:30:19 - Update products for availability change - 12,27,30,33,34,37,39
2021-05-10 19:22:35 - Update products for availability change - 32,45
2021-05-10 21:06:08 - Update products for availability change - 30,39,42
2021-05-11 18:53:07 - Update products for availability change - 12,13,14,27,44,46,48,53
2021-05-14 14:57:03 - Update products for availability change - 12,14,17,19,20,27,32,34,53
2021-05-14 19:25:38 - Update products for availability change - 12,14,17,18,20,21,32,33,39,45,54
2021-05-14 21:43:09 - Update products for availability change - 16,19,23,24,29,33,34,49,50,53
2021-05-15 19:35:07 - Update products for availability change - 12,13,17,27,34,40
2021-05-15 21:07:38 - Update products for availability change - 17,35,44
2021-05-15 23:01:11 - Update products for availability change - 12
2021-05-16 10:05:38 - Update products for availability change - 12,13,14,27,44,46,48,53
2021-05-16 22:10:23 - Update products for availability change - 12,22,23,24,30,34
2021-05-17 2:17:08 - Sync for product 58
2021-05-17 2:18:05 - Sync for product 58
2021-05-17 2:28:01 - Sync for product 26
2021-05-17 2:29:39 - Sync for product 26
2021-05-17 2:30:50 - Sync for product 26
2021-05-17 2:32:29 - Sync for product 58
2021-05-17 2:33:14 - Sync for product 58
2021-05-17 2:33:55 - Sync for product 26
2021-05-17 2:33:56 - Sync for product 26
2021-05-17 2:39:33 - Sync for product 58
2021-05-17 8:36:25 - Sync for product 26
2021-05-17 8:54:08 - Sync for product 26
2021-05-17 8:55:08 - Sync for product 58
2021-05-17 8:55:52 - Sync for product 59
2021-05-17 8:57:32 - Sync for product 27
2021-05-17 8:58:36 - Sync for product 28
2021-05-17 8:58:55 - Sync for product 29
2021-05-17 11:55:08 - Update products for availability change - 18,21,25,59
2021-05-17 13:03:35 - Update products for availability change - 16,24,32,34
2021-05-17 23:07:54 - Sync for product 44
2021-05-17 23:08:09 - Sync for product 43
2021-05-17 23:08:28 - Sync for product 48
2021-05-19 16:29:02 - Update products for availability change - 12,19,27
2021-05-20 22:34:55 - Update products for availability change - 12,13,14,15,51
2021-05-21 9:45:54 - Update products for availability change - 12,19,27
2021-05-23 10:37:24 - Update products for availability change - 13,14,17,18,20,32
2021-05-23 16:01:30 - Update products for availability change - 12,14,24,40
2021-05-23 19:05:30 - Update products for availability change - 13,36,39
2021-05-24 2:22:56 - Sync for product 23
2021-05-24 2:29:26 - Sync for product 60
2021-05-24 2:30:44 - Sync for product 60
2021-05-24 2:37:48 - Sync for product 61
2021-05-24 2:39:31 - Sync for product 60
2021-05-24 2:39:54 - Sync for product 60
2021-05-24 2:40:05 - Sync for product 61
2021-05-24 2:41:06 - Sync for product 46
2021-05-24 2:41:26 - Sync for product 46
2021-05-24 2:41:51 - Sync for product 60
2021-05-24 2:42:06 - Sync for product 61
2021-05-24 14:24:07 - Sync for product 47
2021-05-24 14:24:22 - Sync for product 48
2021-05-25 22:41:44 - Update products for availability change - 12,13,16,24,27,28,34,36,37,49,50
2021-05-26 2:19:03 - Update products for availability change - 13,24,27,29,30,34
2021-05-26 19:34:39 - Update products for availability change - 12,20,27,30,36,46,61
2021-05-27 9:31:50 - Update products for availability change - 13,14,18,19,27,33,34,53
2021-05-27 12:55:29 - Update products for availability change - 13,14,34
2021-05-27 23:27:37 - Update products for availability change - 12,14,25,27,31,34,35,36,60
2021-05-31 15:46:46 - Sync for product 57
2021-05-31 19:12:06 - Update products for availability change - 13,24,38,46
2021-05-31 19:22:43 - Update products for availability change - 13,24,38,46
2021-06-01 13:09:30 - Update products for availability change - 57
2021-06-01 18:51:27 - Update products for availability change - 12,13,17,27,29,35,36
2021-06-02 13:18:07 - Update products for availability change - 12,24,27,42,61
2021-06-04 12:25:54 - Update products for availability change - 12,13,19
2021-06-04 13:04:10 - Update products for availability change - 12,13,24,34,57
2021-06-04 23:06:16 - Sync for product 61
2021-06-05 7:58:46 - Update products for availability change - 13,20
2021-06-06 10:38:53 - Update products for availability change - 12,27,29
2021-06-06 18:19:57 - Update products for availability change - 12,34,36
2021-06-07 11:51:12 - Update products for availability change - 13,14,16,19,49,50
2021-06-07 22:08:13 - Update products for availability change - 13,27,28,36
2021-06-08 14:01:57 - Update products for availability change - 14,25,29,36,59
2021-06-08 15:23:00 - Update products for availability change - 27,29,34,40,58,59
2021-06-08 15:44:14 - Update products for availability change - 34
2021-06-11 12:48:50 - Update products for availability change - 12,16,25
2021-06-11 13:18:25 - Update products for availability change - 12,13,22,24,35,36,42
2021-06-11 16:02:13 - Update products for availability change - 17,18,19,24,25
2021-06-12 8:54:45 - Update products for availability change - 12,30,31,39,45
2021-06-13 11:38:29 - Update products for availability change - 12,21,30,36
2021-06-18 23:10:14 - Update products for availability change - 12,15,27,30,32,34,35,40,53,60
2021-06-19 10:01:08 - Update products for availability change - 13,27,30,31,34,49,51
2021-06-21 13:01:27 - Delete for products - 57
2021-06-21 13:02:09 - Sync for product 60
2021-06-21 17:22:23 - Update products for availability change - 12,13,30,34
2021-06-22 17:46:47 - Update products for availability change - 12,13,53
2021-06-22 18:43:18 - Update products for availability change - 18,21,27,30,41,53
2021-06-22 19:16:07 - Update products for availability change - 18,20,24,27,29,38,53
2021-06-22 22:21:44 - Update products for availability change - 15,24,30,34,40
2021-06-24 10:23:29 - Sync for product 41
2021-06-24 15:29:56 - Update products for availability change - 12,13,14,49,50,55
2021-06-24 20:29:53 - Update products for availability change - 12,30,37
2021-06-25 18:00:58 - Update products for availability change - 13
2021-06-26 13:14:08 - Update products for availability change - 12,27,29,30,33,37
2021-06-27 21:20:22 - Update products for availability change - 12,24,27,28
2021-06-29 18:30:34 - Update products for availability change - 32,33,34,37
2021-06-30 21:03:50 - Update products for availability change - 13,21,24,27,34,36
2021-07-01 0:37:35 - Update products for availability change - 20,32,35,36
2021-07-01 18:45:15 - Update products for availability change - 36,45
2021-07-02 12:55:52 - Update products for availability change - 12,15,17,30,45,46,54
2021-07-02 17:04:17 - Update products for availability change - 12,24,45,46,51
2021-07-03 8:27:10 - Update products for availability change - 12,13,14,17,22,51,53
2021-07-03 10:53:13 - Update products for availability change - 13,27,29,36,39
2021-07-04 13:07:11 - Update products for availability change - 12,27,29,30,35,36,39,50,53
2021-07-04 18:46:36 - Update products for availability change - 12,13,20,27,28,30,34,36,40,42,49,50
2021-07-04 22:26:57 - Update products for availability change - 13,27,29,32,34,53
2021-07-05 9:58:11 - Update products for availability change - 12,14,18,23,27,41
2021-07-05 13:33:47 - Update products for availability change - 12,13
2021-07-07 10:32:35 - Update products for availability change - 12,13,16,39
2021-07-08 9:02:13 - Update products for availability change - 30,32,34,39,42
2021-07-09 0:16:54 - Update products for availability change - 20,30,34
2021-07-12 17:13:04 - Update products for availability change - 12,23,24,27,29,32
2021-07-13 19:23:51 - Update products for availability change - 12,13,27
2021-07-14 18:24:15 - Update products for availability change - 14,24,30,39
2021-07-14 21:11:56 - Update products for availability change - 12,20
2021-07-17 8:50:12 - Sync for product 46
2021-07-17 8:50:27 - Sync for product 56
2021-07-17 8:51:00 - Sync for product 55
2021-07-17 11:20:32 - Update products for availability change - 27,30,36,39,41,42,49,51,54
2021-07-18 9:17:54 - Update products for availability change - 12,15,21
2021-07-18 10:42:05 - Sync for product 47
2021-07-18 10:42:43 - Sync for product 48
2021-07-18 13:01:15 - Update products for availability change - 20,54,59
2021-07-18 13:54:06 - Update products for availability change - 16,30,31,36,37,39,49
2021-07-18 17:53:06 - Update products for availability change - 12,18,22,27,34,36,37,47
2021-07-18 18:01:09 - Update products for availability change - 12,13,15,16,27,28,34,38,47,48
2021-07-20 16:50:45 - Update products for availability change - 18,21,25,27,32
2021-07-20 18:50:08 - Update products for availability change - 12,13,14,15,17,18,32,33,36
2021-07-22 1:15:05 - Update products for availability change - 12,27,29,36,51,53
2021-07-22 10:36:20 - Update products for availability change - 14,16,24,36
2021-07-23 19:09:35 - Update products for availability change - 27,31,32,34,39,41
2021-07-24 18:29:32 - Update products for availability change - 21,22,25
2021-07-25 0:33:46 - Update products for availability change - 16,23,53
2021-07-25 17:25:43 - Update products for availability change - 12,13,23,27,29,31,34,39
2021-07-26 22:20:17 - Update products for availability change - 12,13
2021-07-27 14:48:48 - Update products for availability change - 12,16,19
2021-07-29 8:21:48 - Update products for availability change - 29,30,33
2021-07-29 8:56:12 - Update products for availability change - 13,15,27,30,35,36,38
2021-07-31 18:05:05 - Update products for availability change - 29,30,33,53
2021-08-04 14:26:24 - Update products for availability change - 16,21,24,58
2021-08-04 17:53:53 - Update products for availability change - 27,31,39,42,47
2021-08-05 11:29:03 - Update products for availability change - 34
2021-08-05 20:35:23 - Update products for availability change - 27,32
2021-08-06 22:03:40 - Update products for availability change - 27,29,34
2021-08-07 13:05:09 - Update products for availability change - 25,36,52,53
2021-08-07 16:23:27 - Update products for availability change - 13,24,27
2021-08-08 0:22:16 - Update products for availability change - 29,30,33
2021-08-08 13:28:28 - Update products for availability change - 24,29,32,36,37,40
2021-08-11 22:00:42 - Update products for availability change - 12,19,23,27,45,54
2021-08-12 1:05:36 - Update products for availability change - 12,13,14,15,47,48
2021-08-14 12:25:25 - Update products for availability change - 14,15,17,30,31,33,47
2021-08-14 16:21:29 - Update products for availability change - 29,40,49,50,58
2021-08-14 17:37:45 - Update products for availability change - 12,19,21,23,24,27,31
2021-08-14 19:14:54 - Update products for availability change - 12,13,14,17,18,21,24,39
2021-08-14 23:51:01 - Update products for availability change - 12,13,14,19,42
2021-08-15 18:07:08 - Update products for availability change - 13,14,15,34
2021-08-16 10:17:51 - Update products for availability change - 17,19,25,30,32,33,35,53
2021-08-16 11:40:40 - Update products for availability change - 17,24,35
2021-08-18 9:32:39 - Update products for availability change - 13,21,27,29,34
2021-08-18 19:56:20 - Update products for availability change - 27,35,36,53
2021-08-19 9:39:33 - Update products for availability change - 12,13,49
2021-08-19 14:03:36 - Update products for availability change - 24,40,47
2021-08-20 9:21:08 - Update products for availability change - 12,14,21,37,39,51
2021-08-23 10:42:33 - Update products for availability change - 13,14,17,20,21,22,25,59
2021-08-23 20:04:38 - Update products for availability change - 12,13,14,17
2021-08-23 22:29:43 - Update products for availability change - 24,37,49,50
2021-08-24 7:15:32 - Sync for product 44
2021-08-24 7:15:36 - Sync for product 44
2021-08-24 12:53:38 - Update products for availability change - 29,33
2021-08-24 18:41:04 - Update products for availability change - 12,18,21,24,27,36
2021-08-24 22:26:29 - Update products for availability change - 23,24,36,39
2021-08-25 9:57:36 - Update products for availability change - 12,13,24,27,35,36,39
2021-08-26 12:48:05 - Update products for availability change - 19,23,27,30,47
2021-08-26 12:52:03 - Update products for availability change - 12,16,19,24
2021-08-27 12:24:04 - Update products for availability change - 12,14,39
2021-08-27 13:06:38 - Update products for availability change - 12,13,27,30,39,44,47
2021-08-27 17:33:26 - Update products for availability change - 13,14,17,18,31,34,35,36,51
2021-08-27 23:05:10 - Update products for availability change - 12,15,17,31,33,36
2021-08-28 11:45:14 - Update products for availability change - 14,18,27,30,33
2021-08-28 14:10:40 - Update products for availability change - 15,22,51
2021-08-28 18:39:25 - Update products for availability change - 12,13,14,17,18,32,36
2021-08-29 13:22:04 - Update products for availability change - 12,21,24,39
2021-08-29 21:07:36 - Update products for availability change - 13,24,27,34
2021-08-30 14:21:46 - Update products for availability change - 13,34,39,40,49,50
2021-09-01 0:21:10 - Update products for availability change - 12,19,27,28,35,45,59
2021-09-01 7:23:07 - Update products for availability change - 14,15,19,23,27,33
2021-09-03 9:02:52 - Update products for availability change - 12,33
2021-09-06 14:39:38 - Update products for availability change - 30,33
2021-09-06 15:43:34 - Update products for availability change - 13,30,31,35,36,39
2021-09-07 22:45:32 - Update products for availability change - 12,13,30,31,36,39,47,48
2021-09-10 22:16:34 - Update products for availability change - 17,22,24,27,30,39,42,50,52
2021-09-12 20:37:53 - Update products for availability change - 27,34,53
2021-09-14 19:20:05 - Update products for availability change - 13,19,24,30,34,40
2021-09-15 17:37:09 - Update products for availability change - 13
2021-09-15 23:17:11 - Update products for availability change - 12,18,25,37
2021-09-15 23:43:14 - Update products for availability change - 30,33
2021-09-16 9:26:06 - Update products for availability change - 24,40,53
2021-09-17 5:20:48 - Sync for product 54
2021-09-17 5:21:15 - Sync for product 45
2021-09-17 8:06:51 - Sync for product 54
2021-09-17 8:07:12 - Sync for product 45
2021-09-17 12:28:34 - Update products for availability change - 12,13,24,36,42
2021-09-17 14:08:03 - Update products for availability change - 12,13,14
2021-09-17 16:51:04 - Update products for availability change - 12,21,32,53
2021-09-17 17:59:41 - Update products for availability change - 18,30,39,45,49,50
2021-09-18 14:40:42 - Update products for availability change - 12,13,27,32,34
2021-09-18 21:02:36 - Update products for availability change - 13,14,16,27,32,34
2021-09-19 19:45:46 - Update products for availability change - 13,24,32,34,54
2021-09-20 7:54:33 - Update products for availability change - 20,21,27,30,32,34,54
2021-09-20 8:08:04 - Update products for availability change - 16,25,27,30,45,54
2021-09-23 10:12:47 - Update products for availability change - 12,13,27,36,58
2021-09-23 10:32:37 - Update products for availability change - 12,18,24,30,38
2021-09-23 18:52:53 - Update products for availability change - 12,18,19,25,26
2021-09-24 1:51:44 - Update products for availability change - 12,13,15,16,19,22,23
2021-09-24 11:59:02 - Update products for availability change - 12,14,39
2021-09-24 13:05:48 - Update products for availability change - 17,18,23,30,35,37,45,49,50
2021-09-26 15:00:23 - Update products for availability change - 12,13,14,18,32,34,45
2021-09-26 16:29:11 - Update products for availability change - 27,45,47,49,50,51,52
2021-09-28 8:43:08 - Update products for availability change - 13,19,48
2021-09-28 17:45:28 - Update products for availability change - 32,39,45
2021-09-28 22:23:19 - Update products for availability change - 13,15,20,21,31,39
2021-09-29 11:55:54 - Sync for product 45
2021-09-30 9:11:29 - Update products for availability change - 23,27,30,34,36
2021-09-30 17:15:47 - Update products for availability change - 12,15,35,49,53,59
2021-10-01 21:20:50 - Update products for availability change - 12,13,14,15,30,36,37,39,58
2021-10-02 8:45:10 - Update products for availability change - 27,31
2021-10-02 12:50:53 - Update products for availability change - 12,24,32,34
2021-10-02 13:00:42 - Update products for availability change - 15,16,19,25,30,32,33,36,38,39,58
2021-10-02 15:56:14 - Update products for availability change - 12,16,27,28
2021-10-03 20:26:05 - Update products for availability change - 15,23,27,31,35,39,41,42,53
2021-10-03 23:04:48 - Update products for availability change - 12,16,21
2021-10-04 11:53:37 - Update products for availability change - 17,18,20,25,47
2021-10-06 11:27:53 - Update products for availability change - 18,20,21,33
2021-10-06 14:31:17 - Update products for availability change - 13,14,15,27,39,42
2021-10-06 22:08:26 - Update products for availability change - 12,13,18,24,27,34,36
2021-10-07 14:45:45 - Update products for availability change - 14,15,35,45
2021-10-07 16:26:41 - Update products for availability change - 12,13,16,19
2021-10-07 18:41:40 - Update products for availability change - 12,13,24,27,32,35
2021-10-07 21:50:36 - Update products for availability change - 12,13,49
2021-10-08 8:44:49 - Update products for availability change - 24,40
2021-10-08 15:14:07 - Update products for availability change - 13,20,22,24
2021-10-09 11:58:26 - Update products for availability change - 17,27,30,33,34,39,40
2021-10-09 18:29:44 - Update products for availability change - 30,33
2021-10-09 23:09:45 - Update products for availability change - 16,23,24,27
2021-10-10 14:25:06 - Update products for availability change - 24,30,33,36,45
2021-10-10 23:37:26 - Update products for availability change - 43,45,48
2021-10-11 11:09:14 - Update products for availability change - 12,19,20,23,30,45
2021-10-11 15:48:00 - Update products for availability change - 12,13,16,20,33,35
2021-10-12 13:53:54 - Update products for availability change - 13,24,25,27,59
2021-10-12 20:59:51 - Update products for availability change - 15,17,18,19,22
2021-10-13 11:20:51 - Update products for availability change - 14,17,20,33,38,53
2021-10-13 13:33:47 - Update products for availability change - 12,13,25,27,34,35,36,39
2021-10-14 14:15:30 - Update products for availability change - 14,18,30,49
2021-10-18 9:21:56 - Update products for availability change - 20,21,25,30,58
2021-10-18 15:49:15 - Update products for availability change - 12,13,17,27,32,59
2021-10-19 18:07:19 - Update products for availability change - 45
2021-10-20 9:36:29 - Update products for availability change - 12,24,32,59
2021-10-21 8:13:26 - Update products for availability change - 21,23,24,35,42,45
2021-10-21 15:49:42 - Update products for availability change - 13,27,34
2021-10-21 17:03:39 - Update products for availability change - 15,16,23,24,25,28,50,53
2021-10-23 11:53:37 - Update products for availability change - 12,27,30,32,50
2021-10-23 15:36:45 - Update products for availability change - 12,13,23,30,32
2021-10-23 18:33:46 - Update products for availability change - 17,23,35,40,53
2021-10-23 21:15:09 - Update products for availability change - 16,25,32,35,39,41,51,53
2021-10-25 0:12:01 - Update products for availability change - 12,15,27,32,59
2021-10-26 11:38:46 - Update products for availability change - 12,20,30,33,39,52
2021-10-27 1:19:30 - Update products for availability change - 12,20,27,30,31,34,45
2021-10-27 14:20:56 - Update products for availability change - 47,48
2021-10-29 15:43:14 - Update products for availability change - 19,22,23,36,39
2021-10-29 17:58:53 - Update products for availability change - 13,14,17,18,23,27,30,34,39
2021-10-30 15:13:18 - Update products for availability change - 12,17,20,21,24
2021-10-31 7:41:44 - Update products for availability change - 32,33,36
2021-10-31 19:37:12 - Update products for availability change - 15,27,31,34,36
2021-11-01 11:53:45 - Update products for availability change - 12,13,15,23,27,30,32,42
2021-11-03 14:05:09 - Update products for availability change - 12,13,27
2021-11-03 23:40:56 - Update products for availability change - 12,13,35,36,39
2021-11-05 15:47:23 - Update products for availability change - 12,13,14,15,32,34
2021-11-06 9:48:19 - Update products for availability change - 13
2021-11-08 2:23:40 - Update products for availability change - 13,20,24,30,31,32,49,52
2021-11-10 0:47:47 - Update products for availability change - 13,14,15,17,20,24,32
2021-11-10 18:44:35 - Update products for availability change - 13
2021-11-10 18:49:19 - Update products for availability change - 12
2021-11-10 19:18:40 - Update products for availability change - 12,13,27,52,59
2021-11-10 20:23:10 - Sync for product 12
2021-11-10 21:14:20 - Update products for availability change - 21,30,37,39,53
2021-11-11 1:00:37 - Update products for availability change - 12,14,18,33,35,39
2021-11-11 7:14:17 - Update products for availability change - 16,25,32,40
2021-11-11 7:31:59 - Update products for availability change - 21,22,23,25,36,51
2021-11-11 7:35:08 - Update products for availability change - 12,14,15,16,18,24,30,31
2021-11-11 8:10:41 - Update products for availability change - 12,18,24,33,37
2021-11-11 8:38:38 - Update products for availability change - 12,18,27,30,34
2021-11-11 9:08:36 - Update products for availability change - 30,31,33,51,53
2021-11-11 9:56:12 - Update products for availability change - 13,34
2021-11-11 11:33:40 - Update products for availability change - 15,20,23,24,39
2021-11-11 11:41:43 - Update products for availability change - 12,13,15,18,24,39
2021-11-11 11:57:45 - Update products for availability change - 12,13,15,18,24,39
2021-11-11 12:17:26 - Update products for availability change - 13,15,24
2021-11-11 12:42:50 - Update products for availability change - 12,16,24,39
2021-11-11 13:32:27 - Update products for availability change - 30,37,38,59
2021-11-11 14:20:52 - Update products for availability change - 12,20,31,32,40
2021-11-11 16:47:17 - Update products for availability change - 14,18,35,37,39,53
2021-11-11 16:58:25 - Update products for availability change - 12,13,15,38,39
2021-11-11 17:06:05 - Update products for availability change - 30,31,39,42
2021-11-11 17:26:41 - Update products for availability change - 12,14,15,16,20
2021-11-11 18:28:54 - Update products for availability change - 22,24,31,33,35
2021-11-11 19:53:03 - Update products for availability change - 12,18,36,39,44,51
2021-11-11 22:00:32 - Update products for availability change - 12,14,24,30,33,34,36
2021-11-11 22:26:37 - Update products for availability change - 14,17,20,21,24
2021-11-11 22:35:52 - Update products for availability change - 13,24,27,32,34,42,53
2021-11-12 11:14:09 - Update products for availability change - 12,32,39,49,50,51,53
2021-11-12 22:24:22 - Update products for availability change - 12,14,15,20,21
2021-11-12 23:22:31 - Update products for availability change - 12,14,15,17,18,32
2021-11-13 10:08:03 - Update products for availability change - 12,20,23,24,27,30,35,36,37,41
2021-11-13 20:14:30 - Update products for availability change - 14,17,24
2021-11-13 21:50:15 - Update products for availability change - 12,15,19,27,30,34,39,40
2021-11-15 10:52:21 - Update products for availability change - 12,13,14
2021-11-15 22:57:00 - Update products for availability change - 19,24,30,32,34
2021-11-16 1:59:11 - Update products for availability change - 12,17,18
2021-11-16 21:11:52 - Update products for availability change - 12,13,27,32,53
2021-11-17 14:23:30 - Update products for availability change - 12,14,15,17,35
2021-11-18 9:05:25 - Update products for availability change - 14,24,33
2021-11-18 16:41:37 - Update products for availability change - 12,15,17,18,19,41
2021-11-18 16:56:37 - Update products for availability change - 13,24,58
2021-11-18 19:20:10 - Update products for availability change - 13,39
2021-11-19 18:28:09 - Update products for availability change - 20,25,34,44,48
2021-11-21 12:04:38 - Update products for availability change - 27,39
2021-11-21 13:00:27 - Update products for availability change - 18,30,33
2021-11-21 16:53:40 - Update products for availability change - 13,27,32,33,37
2021-11-23 19:05:24 - Update products for availability change - 12,20,24,36,38
2021-11-23 19:11:51 - Update products for availability change - 13,21,24
2021-11-25 10:09:18 - Update products for availability change - 24,30,32,39
2021-11-26 18:56:41 - Update products for availability change - 12,14,15,17,18,25
2021-11-28 1:29:30 - Update products for availability change - 16,27,58
2021-11-28 22:18:41 - Update products for availability change - 12,13,18,30
2021-11-30 21:12:52 - Update products for availability change - 13
2021-11-30 22:29:18 - Update products for availability change - 15,19,27,32,34,47
2021-12-02 17:02:04 - Update products for availability change - 12,13,14,17,19,24,27
2021-12-04 14:08:24 - Update products for availability change - 12,13
2021-12-05 0:16:44 - Update products for availability change - 13,17,27,36,40,42
2021-12-08 0:57:22 - Update products for availability change - 13,14,17,18,22,42
2021-12-08 14:39:20 - Update products for availability change - 13,27,39
2021-12-09 19:58:11 - Update products for availability change - 18,30,31,32,53
2021-12-09 20:26:06 - Update products for availability change - 12,19,21,34,39
2021-12-10 13:41:49 - Update products for availability change - 14,21,22,23,35,38
2021-12-10 22:33:47 - Update products for availability change - 13,15,17,18
2021-12-11 8:20:44 - Update products for availability change - 16,22,24
2021-12-11 16:58:53 - Update products for availability change - 12,24,27,34,36,37
2021-12-12 20:12:21 - Update products for availability change - 13,34
2021-12-13 16:50:23 - Update products for availability change - 12,13,24,27,34,39
2021-12-13 17:47:53 - Update products for availability change - 12,13
2021-12-13 20:05:35 - Update products for availability change - 12,13,19,24,27,28,32,34,36,49,50
2021-12-13 21:47:04 - Update products for availability change - 13,14,24,28,30,37,45
2021-12-15 22:40:16 - Update products for availability change - 14,16,19,25
2021-12-16 22:20:11 - Update products for availability change - 20,21,23,33,34
2021-12-17 9:54:17 - Update products for availability change - 30,33
2021-12-19 21:41:10 - Update products for availability change - 14,15,23,27,30,33,39,42,59
2021-12-19 22:59:56 - Update products for availability change - 14,16,20,21,24
2021-12-20 15:13:40 - Update products for availability change - 13,34
2021-12-20 15:50:11 - Update products for availability change - 35,45,47
2021-12-20 20:17:45 - Update products for availability change - 14,25,27,39,47,48
2021-12-21 9:43:28 - Update products for availability change - 12,13,16,24
2021-12-21 12:02:21 - Update products for availability change - 20,30,31
2021-12-22 16:25:37 - Update products for availability change - 12,18,21,22
2021-12-22 17:02:15 - Update products for availability change - 17,18,27,30,31,34,38,40,53
2021-12-23 22:59:20 - Update products for availability change - 20,21,22,24,39,53
2021-12-24 9:18:04 - Update products for availability change - 12,13,15,19,28,34,48,50
2021-12-25 23:16:20 - Update products for availability change - 12,15,16,27,30,33,34
2021-12-26 17:22:15 - Update products for availability change - 13,15,32
2021-12-27 7:54:44 - Update products for availability change - 32,33
2021-12-28 9:26:17 - Update products for availability change - 12,13,18,21,24,27
2021-12-29 11:04:35 - Update products for availability change - 12,37,39
2021-12-29 15:18:17 - Update products for availability change - 12,14,15,16,18,33
2021-12-29 15:31:11 - Sync for product 62
2021-12-29 15:32:34 - Sync for product 62
2021-12-29 15:38:07 - Sync for product 62
2021-12-29 16:34:21 - Sync for product 62
2021-12-29 17:16:31 - Update products for availability change - 12,14,23,28,59
2021-12-30 11:21:29 - Update products for availability change - 12,13,15,19,27,30,47
2021-12-30 14:29:20 - Update products for availability change - 12,18,30
2021-12-30 18:50:18 - Update products for availability change - 22,25,39,40,58
2021-12-30 19:27:14 - Update products for availability change - 19,33,34,40
2021-12-30 23:21:11 - Update products for availability change - 12,13,16,19,32,35
2021-12-31 11:47:57 - Update products for availability change - 13
2021-12-31 12:02:30 - Update products for availability change - 24,27,39
2021-12-31 13:23:29 - Update products for availability change - 16,20,24,62
2022-01-02 2:16:20 - Update products for availability change - 47,48
2022-01-02 20:56:00 - Update products for availability change - 12,14,15,20,21,22,27
2022-01-02 21:49:07 - Update products for availability change - 12,13,18,30,31,34,47
2022-01-03 1:38:25 - Update products for availability change - 24,27,30,31,37,38
2022-01-03 16:52:07 - Update products for availability change - 12,13,14,16,27
2022-01-03 19:28:53 - Update products for availability change - 12,25,30,36,39
2022-01-03 21:07:44 - Update products for availability change - 12,13,14,18
2022-01-04 9:44:13 - Update products for availability change - 22,24,39
2022-01-04 13:39:46 - Update products for availability change - 12,13,19,27,32,43
2022-01-04 15:35:48 - Update products for availability change - 14,20,35
2022-01-04 20:04:40 - Update products for availability change - 12,23,30,32
2022-01-04 20:32:15 - Update products for availability change - 12,23,32
2022-01-04 21:03:49 - Update products for availability change - 26,37,59
2022-01-07 7:27:28 - Update products for availability change - 12,13,14,20,27,37,38
2022-01-07 20:41:59 - Update products for availability change - 24,32
2022-01-09 13:32:37 - Update products for availability change - 12,18,30,33
2022-01-11 18:08:48 - Update products for availability change - 24,35,39
2022-01-12 20:05:25 - Update products for availability change - 23,27
2022-01-15 19:51:06 - Update products for availability change - 12,23,32,41
2022-01-15 20:56:43 - Update products for availability change - 12,13,15,24,27,36
2022-01-16 1:11:31 - Update products for availability change - 12,13,27,37
2022-01-16 20:14:16 - Update products for availability change - 12,16,19,27,30,34,62
2022-01-16 20:23:23 - Update products for availability change - 12,13,23,31,39,50
2022-01-16 21:44:50 - Update products for availability change - 27,32,39,62
2022-01-17 1:20:52 - Update products for availability change - 15,17,20,24
2022-01-17 14:40:27 - Update products for availability change - 12,13,62
2022-01-18 16:29:05 - Update products for availability change - 12,24,27,36
2022-01-18 17:10:12 - Update products for availability change - 27,30,36,39,40
2022-01-18 21:18:53 - Update products for availability change - 13,14,20,21,25,32,39,62
2022-01-19 17:29:03 - Update products for availability change - 14,15,18,23,30,31,44
2022-01-19 22:54:17 - Update products for availability change - 12,13,14,17,24,27,30,37
2022-01-20 8:14:52 - Sync for product 63
2022-01-20 8:17:02 - Sync for product 63
2022-01-20 8:34:09 - Sync for product 64
2022-01-20 8:35:36 - Sync for product 63
2022-01-20 8:35:56 - Sync for product 63
2022-01-20 8:36:28 - Sync for product 63
2022-01-20 8:36:59 - Sync for product 64
2022-01-20 8:38:21 - Sync for product 63
2022-01-20 8:39:10 - Sync for product 63
2022-01-20 8:43:49 - Sync for product 65
2022-01-20 11:51:04 - Update products for availability change - 13
2022-01-20 13:39:49 - Update products for availability change - 12,14,16,27,28
2022-01-20 16:16:55 - Sync for product 63
2022-01-20 18:47:51 - Update products for availability change - 12,13,24,27,30
2022-01-21 8:22:40 - Update products for availability change - 12,13,20,24,30,34,35
2022-01-21 13:12:56 - Update products for availability change - 16,19,20,24
2022-01-21 15:14:50 - Update products for availability change - 12,13,15,27,34
2022-01-22 5:02:58 - Sync for product 63
2022-01-22 22:24:44 - Update products for availability change - 13,21,24,27,64
2022-01-23 8:06:42 - Update products for availability change - 12,23,27
2022-01-23 16:45:12 - Update products for availability change - 12,27,32,34
2022-01-23 22:20:53 - Update products for availability change - 13,24,27,29,34
2022-01-24 13:40:09 - Update products for availability change - 12,13,24
2022-01-24 18:05:25 - Update products for availability change - 12,16,18,21,24
2022-01-24 23:20:12 - Update products for availability change - 14,22,31
2022-01-24 23:30:29 - Update products for availability change - 12,13,14,19,27
2022-01-25 7:53:14 - Update products for availability change - 12,15,21,22
2022-01-25 16:05:34 - Update products for availability change - 15,23
2022-01-25 18:15:39 - Update products for availability change - 13,14,15,17,18,36,58,62
2022-01-25 21:07:27 - Update products for availability change - 24,32,47,48,63
2022-01-26 11:33:36 - Update products for availability change - 12,15,27,63
2022-01-26 17:40:34 - Update products for availability change - 12,13,24,64
2022-01-26 22:49:19 - Update products for availability change - 16,24,58
2022-01-28 0:00:03 - Update products for availability change - 12,17,24
2022-01-28 13:35:02 - Update products for availability change - 21,24,32,63
2022-01-28 15:23:35 - Update products for availability change - 16,19,21,24,64
2022-01-28 20:13:50 - Update products for availability change - 12
2022-01-28 20:14:44 - Update products for availability change - 12
2022-01-29 14:39:39 - Update products for availability change - 27,32,36,65
2022-01-29 15:23:13 - Update products for availability change - 15,17,27,29,35
2022-01-29 20:43:28 - Update products for availability change - 12
2022-01-30 10:14:19 - Update products for availability change - 12,13,14,24
2022-01-31 10:01:08 - Update products for availability change - 13,15,19,21,27,32,34
2022-02-02 10:33:50 - Update products for availability change - 17,18,29,33,36,59,65
2022-02-03 21:36:33 - Update products for availability change - 12,20,27,30,36
2022-02-05 15:44:56 - Update products for availability change - 12,13,14,33
2022-02-06 1:53:03 - Sync for product 66
2022-02-06 2:22:25 - Sync for product 66
2022-02-06 2:24:00 - Sync for product 66
2022-02-06 13:13:45 - Update products for availability change - 64,65
2022-02-06 17:46:14 - Update products for availability change - 24,27,35,39,40
2022-02-07 22:01:06 - Update products for availability change - 13,18,64
2022-02-08 13:31:16 - Update products for availability change - 22,25,39,47,64,65
2022-02-08 21:28:30 - Update products for availability change - 12,15,30,34,35,36,44,63
2022-02-09 8:56:37 - Update products for availability change - 12,13,15,17,21,33,39
2022-02-09 14:12:30 - Update products for availability change - 12,15,20,21,22,39
2022-02-10 8:05:37 - Update products for availability change - 29,33,63
2022-02-10 19:07:30 - Update products for availability change - 24,40
2022-02-10 22:24:15 - Update products for availability change - 12,13,24,27,32
2022-02-14 13:19:14 - Update products for availability change - 18,27,30
2022-02-14 19:10:21 - Update products for availability change - 12,13,16,19,24,27,29,30,34,38,53,59,63
2022-02-16 18:19:02 - Update products for availability change - 12,18,53,63,64,66
2022-02-16 19:33:47 - Update products for availability change - 27,30,39
2022-02-18 21:47:32 - Update products for availability change - 19,24,37,53,62,65
2022-02-19 17:36:04 - Update products for availability change - 14,18,27,30,32,33,64
2022-02-20 16:06:30 - Update products for availability change - 13
2022-02-22 15:04:11 - Update products for availability change - 12,13,14,15
2022-02-23 20:35:45 - Update products for availability change - 33,62,63,65,66
2022-02-27 10:23:13 - Update products for availability change - 16,19,24,62,65
2022-02-28 18:02:04 - Sync for product 63
2022-02-28 18:07:05 - Sync for product 32
2022-02-28 21:27:40 - Update products for availability change - 35,36,37
2022-03-01 8:40:12 - Update products for availability change - 12,13,14,15,17
2022-03-02 16:00:25 - Update products for availability change - 12,15,22,35,36,41,63
2022-03-02 23:36:58 - Update products for availability change - 12,13,14,15,31,32,62
2022-03-03 19:28:42 - Update products for availability change - 32
2022-03-05 19:47:24 - Update products for availability change - 20,21,27,59
2022-03-06 18:24:29 - Update products for availability change - 12,14,16,19,32,65
2022-03-06 22:40:28 - Sync for product 26
2022-03-06 22:41:34 - Sync for product 58
2022-03-06 23:29:44 - Update products for availability change - 12,19,27,30,36
2022-03-07 11:03:09 - Update products for availability change - 13,14,27,36,64
2022-03-07 12:16:19 - Update products for availability change - 12,13,15,19,30,37
2022-03-08 19:57:39 - Update products for availability change - 12,24,63
2022-03-09 15:55:45 - Update products for availability change - 12,21,27,29,32,34
2022-03-11 4:27:58 - Update products for availability change - 22,25,39
2022-03-11 21:55:50 - Update products for availability change - 14,18,30,33,34,36,39,41,64
2022-03-11 23:21:21 - Update products for availability change - 29,33
2022-03-12 15:30:58 - Update products for availability change - 12,13,14,17,18,24,27,64
2022-03-13 16:00:22 - Update products for availability change - 13,24,25,29,59
2022-03-13 16:01:08 - Update products for availability change - 12,30,32,65
2022-03-14 14:07:07 - Update products for availability change - 12,24,27,64
2022-03-14 22:06:06 - Update products for availability change - 12,24,27,29,36
2022-03-15 10:18:36 - Sync for product 32
2022-03-16 13:39:42 - Update products for availability change - 14,18,24
2022-03-17 13:04:50 - Update products for availability change - 24,27,30,34,40
2022-03-18 16:53:24 - Update products for availability change - 13
2022-03-22 19:45:47 - Update products for availability change - 24,25,37,39,64
2022-03-23 11:13:48 - Update products for availability change - 32,34,64,65
2022-03-23 13:22:45 - Update products for availability change - 16,24,27,30,34
2022-03-23 14:11:59 - Update products for availability change - 12,15,18,30,44
2022-03-24 9:07:51 - Update products for availability change - 12,18,21,24,30,40,41
2022-03-24 17:42:04 - Update products for availability change - 12,15,18,19,24,63
2022-03-25 15:43:49 - Update products for availability change - 14,22,39,62
2022-03-26 10:51:55 - Update products for availability change - 12,16,17,18,20,35,41
2022-03-26 22:30:11 - Update products for availability change - 12,15,27,32,38,63
2022-03-27 0:08:57 - Update products for availability change - 14,18,24
2022-03-29 18:37:36 - Update products for availability change - 13,18,20,27,63
2022-03-30 11:56:45 - Update products for availability change - 32,34
2022-03-30 16:47:38 - Update products for availability change - 13,15,24,27,31
2022-04-02 17:47:13 - Update products for availability change - 18,20,21,24,31,53
2022-04-02 18:06:12 - Update products for availability change - 27,29,30,34,38,40,41
2022-04-03 18:05:08 - Update products for availability change - 12,13,15,19,24,25,27,29,36,37,53
2022-04-05 16:50:06 - Update products for availability change - 12,13,15,16,19,22,27
2022-04-08 12:24:02 - Update products for availability change - 18,20,27,29,30
2022-04-09 13:29:32 - Update products for availability change - 16,19,20,24,29
2022-04-09 18:33:03 - Sync for product 67
2022-04-10 4:17:31 - Sync for product 67
2022-04-10 4:19:17 - Sync for product 67
2022-04-10 4:19:45 - Sync for product 67
2022-04-10 4:20:29 - Sync for product 67
2022-04-10 4:21:12 - Sync for product 67
2022-04-10 12:55:27 - Update products for availability change - 14,18,30,33
2022-04-10 21:58:07 - Update products for availability change - 12,13,15,24,59
2022-04-11 5:56:50 - Update products for availability change - 24,64,67
2022-04-11 8:24:09 - Update products for availability change - 12,20,24,30,35,63,67
2022-04-11 10:46:34 - Update products for availability change - 32,44,65
2022-04-11 10:58:40 - Update products for availability change - 13,34,43
2022-04-11 23:46:32 - Update products for availability change - 14,15,16,20
2022-04-12 12:27:05 - Update products for availability change - 13
2022-04-22 0:08:56 - Update products for availability change - 24,27,28,29,30,32,33
2022-04-22 15:54:21 - Update products for availability change - 12,13,14
2022-04-25 22:56:57 - Update products for availability change - 29,30,35,37,39,41
2022-04-26 17:33:31 - Update products for availability change - 24,27,34,63
2022-04-27 11:12:12 - Update products for availability change - 32,65
2022-04-27 15:06:27 - Update products for availability change - 12,13,24
2022-04-27 20:17:34 - Update products for availability change - 15,16,30,32,63
2022-04-29 1:45:11 - Update products for availability change - 12,13,16,19,32,35
2022-05-01 10:56:27 - Update products for availability change - 16,28,34
2022-05-03 11:53:57 - Update products for availability change - 12,14,18,27,29,30,33,36,39,41,64
2022-05-07 19:09:53 - Update products for availability change - 15,24,32,48,63
2022-05-10 10:32:08 - Update products for availability change - 12,24,27,32,36,38,53
2022-05-10 12:20:50 - Update products for availability change - 12,13,14,17,18,24,27
2022-05-11 13:20:56 - Update products for availability change - 27,29,33
2022-05-12 23:41:31 - Update products for availability change - 13
2022-05-14 1:11:57 - Update products for availability change - 12,13,20,30,34
2022-05-16 17:07:54 - Update products for availability change - 12,13,16,22,27,32,39
2022-05-19 12:33:10 - Update products for availability change - 12,15,24,32,35,39
2022-05-25 18:36:00 - Update products for availability change - 59
2022-05-29 12:39:25 - Update products for availability change - 32,34,39,65
2022-05-29 18:02:45 - Update products for availability change - 13,63
2022-05-30 20:43:56 - Update products for availability change - 13,24
2022-06-03 11:07:16 - Update products for availability change - 13,14,15,22
2022-06-04 23:15:54 - Update products for availability change - 12,16,20,21,30,38,53
2022-06-05 23:07:29 - Update products for availability change - 25,29,40,65,67
2022-06-07 11:18:06 - Update products for availability change - 21,30,31,32,67
2022-06-08 11:17:02 - Update products for availability change - 12,13,33
2022-06-08 19:55:54 - Update products for availability change - 12,13,18,19,22,24,25,35,65
2022-06-11 0:58:46 - Update products for availability change - 12,13,16,32
2022-06-11 10:04:18 - Update products for availability change - 24,25,30,34,59
2022-06-13 12:48:15 - Update products for availability change - 12,13,14,15,24,59
2022-06-13 23:24:26 - Update products for availability change - 12,21,31,63,64
2022-06-18 14:39:55 - Update products for availability change - 13,16,22,24,30,31,39
2022-06-18 15:30:19 - Update products for availability change - 24,65
2022-06-19 15:35:05 - Update products for availability change - 24,27,29,32,40
2022-06-21 22:01:22 - Update products for availability change - 12,24,30
2022-06-22 12:18:34 - Update products for availability change - 12,13,14,15,32,34
2022-06-22 21:34:14 - Update products for availability change - 12,13,14,27,30,37,39
2022-06-25 9:29:10 - Update products for availability change - 16,19,21,22,24
2022-06-26 12:44:07 - Update products for availability change - 12,26,27,34,39,64
2022-06-26 19:08:23 - Update products for availability change - 13,14,18,30,53
2022-06-27 18:46:03 - Update products for availability change - 13,34
2022-06-27 23:19:12 - Update products for availability change - 12,13,14,17,18,24,27
2022-06-29 3:09:50 - Sync for product 13
2022-06-29 3:10:13 - Sync for product 12
2022-06-29 3:11:08 - Sync for product 27
2022-06-29 3:11:44 - Sync for product 15
2022-06-29 3:12:17 - Sync for product 24
2022-06-29 3:14:46 - Sync for product 48
2022-06-29 10:12:01 - Sync for product 47
2022-06-29 13:40:02 - Sync for product 19
2022-06-29 20:04:25 - Update products for availability change - 12,15,24,27,30,33,39,53
2022-06-30 14:33:08 - Update products for availability change - 12,13,19,24,27,47
2022-07-03 8:34:13 - Update products for availability change - 12,14,19,28,32,36
2022-07-04 10:56:49 - Update products for availability change - 13,27,30
2022-07-07 20:44:05 - Update products for availability change - 13
2022-07-10 19:04:14 - Update products for availability change - 13,63
2022-07-11 21:29:15 - Update products for availability change - 34,64,65
2022-07-15 19:15:01 - Update products for availability change - 13,63
2022-07-16 22:48:46 - Update products for availability change - 27
2022-07-23 21:14:49 - Update products for availability change - 27,29,30,33
2022-07-28 13:05:41 - Update products for availability change - 12,14,27,28,30,32,33,34,36,39,41,64
2022-07-29 16:49:27 - Update products for availability change - 12,21,27,30,32
2022-07-30 1:29:26 - Update products for availability change - 12,13,15,17,18,19
2022-07-30 9:57:57 - Update products for availability change - 12,13,15,19
2022-08-02 15:34:15 - Update products for availability change - 30,33,37,40,53
2022-08-04 23:42:28 - Update products for availability change - 25,59,63
2022-08-11 15:58:37 - Update products for availability change - 20,32,34,65
2022-08-12 20:44:31 - Update products for availability change - 12,13,14,17,18,24,27
2022-08-12 21:06:49 - Update products for availability change - 13,34
2022-08-13 20:16:37 - Update products for availability change - 12,13,15,19,30
2022-08-13 20:45:23 - Update products for availability change - 32,33,34,59,67
2022-08-16 1:25:06 - Update products for availability change - 67
2022-08-16 18:24:16 - Update products for availability change - 13,21,24,27,32
2022-08-20 10:29:29 - Update products for availability change - 24,27,33
2022-08-22 17:56:27 - Update products for availability change - 27,30,39
2022-08-23 11:49:59 - Update products for availability change - 22,24,25,30,36,39
2022-08-27 21:22:52 - Update products for availability change - 12,17,18,34
2022-08-30 17:33:11 - Update products for availability change - 25,37,64
2022-09-01 13:14:08 - Update products for availability change - 12,13,14,19,36,64
2022-09-03 16:30:50 - Update products for availability change - 14,17,18,30,63,65
2022-09-04 16:06:20 - Update products for availability change - 22,25,32,33,40
2022-09-04 17:26:16 - Update products for availability change - 12,13,15,18,20,24,64
2022-09-05 0:26:01 - Update products for availability change - 12,13,16,32
2022-09-08 17:14:10 - Update products for availability change - 12,16,37,39,64,65
2022-09-13 15:15:28 - Update products for availability change - 22,30,65
2022-09-13 22:18:23 - Update products for availability change - 26,27,30,35,38
2022-09-16 12:27:35 - Update products for availability change - 12,13,14,17,18,24,27
2022-09-17 13:13:23 - Update products for availability change - 12,13,24,32,34,38
2022-09-19 14:14:21 - Update products for availability change - 27,29,32
2022-09-19 15:45:51 - Update products for availability change - 12,15,17,32,63
2022-09-23 11:29:46 - Update products for availability change - 13,18,67
2022-09-25 14:52:08 - Update products for availability change - 18,30,33,47
2022-09-27 12:08:39 - Update products for availability change - 13
2022-09-28 11:38:25 - Update products for availability change - 13,16,19,32
2022-09-29 20:03:33 - Update products for availability change - 14,15,18,20,30,32,35,36
2022-10-01 9:48:02 - Update products for availability change - 24,27,28,63
2022-10-01 22:11:38 - Update products for availability change - 12,20,21,22,38,39
2022-10-05 12:57:08 - Update products for availability change - 13,34
2022-10-07 22:50:23 - Update products for availability change - 12,16,25,27,37,38,59
2022-10-08 23:05:09 - Update products for availability change - 12,13,22,24,33
2022-10-10 16:18:04 - Update products for availability change - 13,14,16,18,32,33
2022-10-10 21:02:40 - Update products for availability change - 12,30,31,32,39,53
2022-10-10 23:02:36 - Update products for availability change - 12,13,24,32,34,63
2022-10-11 13:32:36 - Update products for availability change - 12,13,15,17,18,33,64
2022-10-12 20:11:49 - Update products for availability change - 27,29,33,35,63
2022-10-15 12:54:50 - Update products for availability change - 16,20,39,64
2022-10-15 17:00:12 - Update products for availability change - 14,32,33
2022-10-18 15:28:17 - Update products for availability change - 22,38,39
2022-10-19 13:53:52 - Update products for availability change - 12,13,14,17,18
2022-10-19 21:35:17 - Update products for availability change - 12,13,14,15,16
2022-10-20 2:23:08 - Update products for availability change - 12,14,17,19,24,39,64,65
2022-10-21 9:32:29 - Update products for availability change - 13
2022-10-22 23:01:13 - Update products for availability change - 12,33,35,39
2022-10-23 14:54:51 - Update products for availability change - 19,32,33,40,53
2022-10-25 19:49:28 - Update products for availability change - 12,18,27,28,31,32,63
2022-10-27 21:05:53 - Update products for availability change - 13,14,15,24,32,59
2022-10-28 13:51:08 - Update products for availability change - 12,14,18,28,30,32,33,34,36,39
2022-10-30 15:02:28 - Update products for availability change - 12,13,30,31
2022-10-30 17:46:17 - Update products for availability change - 12,13,17,18,22,53
2022-11-02 12:04:09 - Update products for availability change - 12,13,14,17,18,24,27
2022-11-02 19:07:59 - Update products for availability change - 16,24,32,64
2022-11-03 17:31:23 - Update products for availability change - 12,13,16,39
2022-11-05 12:27:38 - Update products for availability change - 12,14,15,22
2022-11-06 11:23:58 - Update products for availability change - 12,13,19,21,22,24,37
2022-11-07 21:21:30 - Sync for product 25
2022-11-07 21:22:40 - Sync for product 65
2022-11-07 21:23:14 - Sync for product 29
2022-11-07 21:23:39 - Sync for product 32
2022-11-07 21:24:34 - Sync for product 32
2022-11-08 1:47:37 - Update products for availability change - 12,16,19,24,33
2022-11-08 20:58:14 - Update products for availability change - 12,15,27,29,30
2022-11-08 23:01:22 - Update products for availability change - 24,27,29,33
2022-11-09 22:14:22 - Update products for availability change - 13,15,17,20,27,30,35
2022-11-11 14:58:38 - Update products for availability change - 12,13,15,19,24,25,29,32,65
2022-11-11 23:04:27 - Update products for availability change - 32,33,40
2022-11-12 17:54:23 - Update products for availability change - 12,16,20,27,35,39
2022-11-15 15:28:55 - Update products for availability change - 22,37,65
2022-11-15 20:47:17 - Update products for availability change - 12,16,30,32,33,36
2022-11-15 21:16:05 - Update products for availability change - 13,24,63,65
2022-11-15 23:29:49 - Update products for availability change - 15,18,24,41
2022-11-21 20:19:12 - Update products for availability change - 12,22,24,32,34
2022-11-22 23:41:23 - Update products for availability change - 14,16,17,19,20,25,26,27,29,30,33,38,59,64
2022-11-23 11:22:39 - Update products for availability change - 16,19,20,25,26,64
2022-11-23 15:10:09 - Update products for availability change - 12,15,27,29,30,35,63,65
2022-11-23 16:14:59 - Update products for availability change - 14,17,18,19,25,26,27,29,30,33,38,59
2022-11-25 12:13:40 - Update products for availability change - 12,13,14,34
2022-11-26 10:53:50 - Update products for availability change - 12,13,14,19,25,28,34,38
2022-11-26 16:30:37 - Update products for availability change - 29,30,34,38,40,41,65
2022-11-29 13:14:06 - Update products for availability change - 12,13,16,25,26
2022-11-30 16:20:40 - Update products for availability change - 12,13,14,17,18,21,24,64
2022-11-30 19:34:39 - Update products for availability change - 13,24
2022-12-01 21:19:23 - Update products for availability change - 12,13,14,15,16,21,27,28,29
2022-12-02 19:07:40 - Update products for availability change - 12,13,14,17,18,24,27
2022-12-03 12:51:28 - Update products for availability change - 13,20,22,34
2022-12-03 20:17:17 - Update products for availability change - 32,33,38,39
2022-12-03 22:22:13 - Update products for availability change - 16,25,30,32,36,39,53,65
2022-12-22 13:40:37 - Update products for availability change - 13,18,30,35
2022-12-22 16:24:51 - Update products for availability change - 13,16,27,32,34,35
2022-12-24 10:22:00 - Sync for product 22
2022-12-24 11:41:32 - Update products for availability change - 13
2022-12-24 15:19:00 - Update products for availability change - 12,13,20,21
2022-12-24 23:23:49 - Update products for availability change - 15,17,25,30,59,65
2022-12-25 18:01:45 - Update products for availability change - 12,32,33,41,63
2022-12-28 1:30:21 - Update products for availability change - 12,13,14,16,24,25
2022-12-28 12:38:29 - Update products for availability change - 12,19,32,65
2022-12-31 12:29:52 - Update products for availability change - 12,14,18,24
2023-01-03 21:08:00 - Update products for availability change - 12,13,24,27,29,30,39,53
2023-01-03 21:18:16 - Update products for availability change - 24,32,39
2023-01-04 1:36:40 - Update products for availability change - 12,14,22,32,34,39
2023-01-06 11:12:31 - Update products for availability change - 12,14,27,30,33,34,36,39,41,64
2023-01-07 15:49:30 - Update products for availability change - 13,14,24,27,32,63
2023-01-07 17:02:07 - Update products for availability change - 12,13,27,34,37,63
2023-01-08 6:37:29 - Update products for availability change - 20,24,32
2023-01-08 13:58:29 - Update products for availability change - 13,30
2023-01-09 23:21:31 - Update products for availability change - 12,27,28,29,53,59
2023-01-10 10:30:37 - Update products for availability change - 12,13,20,21,22,38,63
2023-01-10 11:31:52 - Update products for availability change - 12,13,16,32
2023-01-10 15:50:24 - Update products for availability change - 12,13,19,27,30,31,32,34,63
2023-01-13 9:00:33 - Update products for availability change - 13
2023-01-14 14:06:04 - Update products for availability change - 12,19,27,30,32,40,53
2023-01-15 14:33:49 - Update products for availability change - 12,13,18,34,63
2023-01-15 18:09:01 - Update products for availability change - 17,22,59
2023-01-15 19:26:37 - Update products for availability change - 12,13,24
2023-01-15 20:14:02 - Update products for availability change - 24,27,29,33
2023-01-15 21:55:44 - Update products for availability change - 13,19,24,32,34,36,40
2023-01-16 9:27:38 - Update products for availability change - 12,13,14,17,18,24,27,65
2023-01-16 12:52:32 - Update products for availability change - 12,13,14,16,17,18,20,24
2023-01-17 19:53:46 - Update products for availability change - 12,15,20
2023-01-18 11:56:38 - Update products for availability change - 13,30,33,35,63,65
2023-01-18 22:59:34 - Update products for availability change - 15,22,24,33
2023-01-25 11:07:58 - Update products for availability change - 22,34,36,39
2023-01-27 0:03:58 - Update products for availability change - 13,16,27,32,34
2023-01-30 18:49:54 - Update products for availability change - 13,24,63,65
2023-02-01 11:33:37 - Update products for availability change - 12,13,14,59
2023-02-01 22:19:17 - Update products for availability change - 12,27
2023-02-05 10:44:16 - Update products for availability change - 12,18,21,39,40
2023-02-08 0:03:30 - Update products for availability change - 13,24,27,37,41,65
2023-02-09 12:46:22 - Update products for availability change - 13,14,27,30
2023-02-11 9:02:31 - Update products for availability change - 12,19,24,25,34,38,41
2023-02-11 12:26:35 - Update products for availability change - 12,13,14,15,16,19,31,32,37
2023-02-12 8:50:31 - Update products for availability change - 12,13,18,21,27,39
2023-02-13 2:57:11 - Update products for availability change - 12,13,16,18,27,29,33
2023-02-13 22:09:44 - Update products for availability change - 12,13,14,16,33
2023-02-14 1:19:54 - Update products for availability change - 22,33,59,65
2023-02-14 9:43:13 - Update products for availability change - 13,24,32,33
2023-02-14 10:41:30 - Update products for availability change - 13
2023-02-17 21:31:33 - Update products for availability change - 12,13,14,17,18,20,24,27
2023-02-17 23:26:29 - Update products for availability change - 12,13,24,32,34,63
2023-02-19 21:45:48 - Update products for availability change - 12,13
2023-02-24 0:00:09 - Update products for availability change - 12,14,16,30,31,32,33,39
2023-02-24 12:57:41 - Update products for availability change - 16,21,32,33
2023-02-25 14:54:24 - Update products for availability change - 27,32,33,36,40
2023-03-01 17:17:26 - Update products for availability change - 14,15,18,21,32,39,53
2023-03-08 16:17:52 - Update products for availability change - 12,13,20,27,29,32,34,37,39
2023-03-11 12:02:40 - Update products for availability change - 12,14,24,27
2023-03-12 17:29:21 - Update products for availability change - 12,27,30,31,65
2023-03-13 10:33:51 - Update products for availability change - 13,22,35,39,63
2023-03-21 18:37:10 - Update products for availability change - 24,32
2023-03-22 19:33:33 - Update products for availability change - 35,36,38,39,40
2023-03-27 11:33:39 - Update products for availability change - 12,15,24,29,65
2023-03-27 14:15:16 - Update products for availability change - 27,29,30,34,35,36,38,41
2023-03-28 11:04:19 - Update products for availability change - 12,18,31,34,39
2023-03-31 10:23:48 - Update products for availability change - 13
2023-03-31 16:44:32 - Update products for availability change - 13,17,18,39
2023-03-31 20:35:53 - Update products for availability change - 14,27,35,36
2023-04-05 18:58:59 - Update products for availability change - 13,14,17,27,36,39
2023-04-07 13:08:59 - Update products for availability change - 12,13,34
2023-04-09 12:08:07 - Update products for availability change - 12,13,34
2023-04-09 19:06:06 - Update products for availability change - 12,13,14,27,34,36
2023-04-16 20:47:35 - Update products for availability change - 12,13,14,17,18,20,24,27
2023-04-18 9:25:25 - Update products for availability change - 12,14,15,18,24,28,29
2023-04-20 11:18:33 - Update products for availability change - 12,14,19,32
2023-04-22 21:53:48 - Update products for availability change - 25,27,29,33
2023-04-27 6:55:05 - Update products for availability change - 13
2023-04-28 19:39:18 - Update products for availability change - 13,24,32
2023-04-29 19:21:34 - Update products for availability change - 12,19,27
2023-05-02 11:30:35 - Update products for availability change - 30,32,34,35,36,39
2023-05-03 10:07:47 - Update products for availability change - 36,38,39
2023-05-03 12:47:59 - Update products for availability change - 12,27,30,34,36,39
2023-05-03 16:28:47 - Update products for availability change - 14,35
2023-05-04 8:35:54 - Update products for availability change - 12,13,14,15,17
2023-05-09 19:33:20 - Update products for availability change - 13,18,24
2023-05-10 2:21:27 - Update products for availability change - 17,18,22,24,25,65
2023-05-10 9:06:36 - Update products for availability change - 13,14,30,63
2023-05-10 9:09:39 - Update products for availability change - 13,14,30,63
2023-05-10 14:48:02 - Update products for availability change - 15,22,39,41
2023-05-11 22:01:41 - Update products for availability change - 12,13,30,34
2023-05-12 8:07:22 - Update products for availability change - 14,18,19,24,27,37
2023-05-12 16:30:15 - Update products for availability change - 13,18,22,27,30,34,39
2023-05-18 15:34:17 - Update products for availability change - 13,16,20,22,24
2023-05-21 20:46:28 - Update products for availability change - 13,14,24,27,32
2023-05-23 12:54:33 - Update products for availability change - 24,32
2023-05-23 21:07:33 - Update products for availability change - 12,27,30
2023-05-25 14:37:34 - Update products for availability change - 12,14,15,34,35,53
2023-05-27 11:12:07 - Update products for availability change - 12,13,27,34,53,63
2023-05-30 13:56:16 - Update products for availability change - 12,15,17
2023-05-30 16:31:15 - Update products for availability change - 12,14,16,27,29,30,32,33,35,36,39,40,41,53
2023-06-01 0:42:23 - Update products for availability change - 13,14,17
2023-06-02 9:45:59 - Update products for availability change - 22,32,33,40
2023-06-08 12:00:24 - Update products for availability change - 16,24,32
2023-06-14 22:32:38 - Update products for availability change - 24,27,30,34,39
2023-06-21 8:45:54 - Update products for availability change - 12,20,21,27,32
2023-06-21 12:05:52 - Update products for availability change - 29,30,34,39,40
2023-06-26 15:11:49 - Update products for availability change - 12,34,53
2023-06-28 8:59:08 - Update products for availability change - 12,17
2023-06-28 17:36:48 - Update products for availability change - 13,21,24
2023-07-04 20:46:23 - Update products for availability change - 12,13,17,35,37,53
2023-07-06 2:13:50 - Update products for availability change - 12,13,24,27,33
2023-07-07 10:37:12 - Update products for availability change - 13
2023-07-07 13:07:06 - Update products for availability change - 12,13,24
2023-07-11 23:41:45 - Update products for availability change - 14,27,36,38,39,40
2023-07-12 9:04:31 - Update products for availability change - 12,13,14,15,22,27,28
2023-07-12 23:09:16 - Update products for availability change - 14,18,38,39,40
2023-07-15 16:49:44 - Update products for availability change - 27,29,30,63
2023-07-18 12:25:45 - Update products for availability change - 24,27,29,33
2023-07-19 12:50:53 - Update products for availability change - 12,19,24,32
2023-07-20 9:27:36 - Update products for availability change - 12,13,14,17,18,20,24,27
2023-07-25 11:02:17 - Update products for availability change - 12,13,16,20,33,39
2023-07-27 9:18:42 - Update products for availability change - 13
2023-08-02 21:47:55 - Update products for availability change - 13,16,19,24
2023-08-03 19:17:19 - Update products for availability change - 12,15,19,20,63,65
2023-08-05 16:45:25 - Update products for availability change - 13,24,27,32
2023-08-08 9:29:24 - Update products for availability change - 12,13,14,15,18,33,39
2023-08-08 19:29:16 - Update products for availability change - 12,13,24,63,65
2023-08-10 11:03:36 - Update products for availability change - 12,15,27,29,30,36,63
2023-08-12 17:58:09 - Update products for availability change - 24,34,63
2023-08-14 9:58:42 - Update products for availability change - 13,20,24
2023-08-16 9:22:59 - Update products for availability change - 12,13,15,24,25,39
2023-08-17 22:38:58 - Update products for availability change - 16,22,39
2023-08-18 16:33:25 - Update products for availability change - 12,13,34
2023-08-20 22:18:34 - Update products for availability change - 14,15,18,39,41
2023-08-20 23:09:42 - Update products for availability change - 12,22,24,30,32,40
2023-08-21 13:52:20 - Update products for availability change - 27,30
2023-08-22 8:21:20 - Update products for availability change - 12,13,14,15,27,28,63
2023-08-24 14:29:24 - Update products for availability change - 12,14,16,17,18,19,24
2023-08-24 21:16:14 - Update products for availability change - 12,14,21,24,36,38,41,65
2023-08-25 8:20:45 - Update products for availability change - 12,13,21
2023-08-26 0:19:06 - Update products for availability change - 13
2023-08-30 11:31:21 - Update products for availability change - 13,24,27
2023-08-30 15:08:23 - Update products for availability change - 12,14,16,22,24
2023-08-31 8:19:57 - Update products for availability change - 13,15,20,33,40
2023-09-02 12:44:29 - Update products for availability change - 12,13,14,16,24,27,53,59
2023-09-03 0:55:05 - Update products for availability change - 12,13,14,29,30,31,34
2023-09-06 9:34:39 - Update products for availability change - 13,14,15,18
2023-09-06 17:01:32 - Update products for availability change - 30,31,32,36,39
2023-09-14 23:26:41 - Update products for availability change - 24,53
2023-09-16 10:19:07 - Update products for availability change - 12,14,16
2023-09-17 21:53:13 - Update products for availability change - 12,32,53
2023-09-18 17:55:47 - Update products for availability change - 12,14,27,30,32,36,39,41
2023-09-19 0:06:06 - Update products for availability change - 14,15,18
2023-09-19 21:13:19 - Update products for availability change - 12,18,27
2023-09-20 12:40:42 - Update products for availability change - 20,33,38,65
2023-09-30 11:50:37 - Update products for availability change - 12,13,27,34,63
2023-10-01 15:03:50 - Update products for availability change - 12,13,14,18,20,24,27
2023-10-04 21:34:45 - Update products for availability change - 14,15
2023-10-11 14:50:27 - Update products for availability change - 12,13,14,27,39
